<?xml version="1.0" encoding="UTF-8"?>
<testng-results skipped="0" failed="0" total="0" passed="0">
  <reporter-output>
  </reporter-output>
  <suite name="com.telstra.test.BaseTest" duration-ms="5" started-at="2020-03-27T10:16:58Z" finished-at="2020-03-27T10:16:58Z">
    <groups>
    </groups>
    <test name="Command line test" duration-ms="5" started-at="2020-03-27T10:16:58Z" finished-at="2020-03-27T10:16:58Z">
    </test> <!-- Command line test -->
  </suite> <!-- com.telstra.test.BaseTest -->
</testng-results>
