<?xml version="1.0" encoding="UTF-8"?>
<!-- Generated by org.testng.reporters.JUnitXMLReporter -->
<testsuite hostname="Dell-PC" ignored="1" name="Test" tests="2" failures="0" timestamp="15 Apr 2020 12:00:33 GMT" time="461.027" errors="0">
  <testcase name="loginTest1" time="97.418" classname="com.telstra.test.LoginTest"/>
  <testcase name="checkoutItem" time="363.213" classname="com.telstra.test.CheckoutItemTest"/>
  <testcase name="@BeforeSuite beforeSuit" time="0.0" classname="com.telstra.base.Base">
    <ignored/>
  </testcase> <!-- @BeforeSuite beforeSuit -->
</testsuite> <!-- Test -->
