<?xml version="1.0" encoding="UTF-8"?>
<!-- Generated by org.testng.reporters.JUnitXMLReporter -->
<testsuite hostname="Dell-PC" ignored="1" name="Test" tests="2" failures="0" timestamp="13 Apr 2020 18:10:25 GMT" time="459.398" errors="0">
  <testcase name="loginTest1" time="78.808" classname="com.telstra.test.LoginTest"/>
  <testcase name="checkoutItem" time="375.684" classname="com.telstra.test.CheckoutItemTest"/>
  <testcase name="@BeforeSuite beforeSuit" time="0.0" classname="com.telstra.base.Base">
    <ignored/>
  </testcase> <!-- @BeforeSuite beforeSuit -->
</testsuite> <!-- Test -->
